<?xml version="1.0" encoding="UTF-8"?>
<!-- Generated by org.testng.reporters.JUnitXMLReporter -->
<testsuite hostname="LAPTOP-U5R1FE71" ignored="0" name="Test" tests="2" failures="1" timestamp="2020-06-28T16:04:02 AEST" time="19.99" errors="0">
  <testcase name="basePageNagivation" time="9.869" classname="myMavenProject.HomePage"/>
  <testcase name="test2" time="10.076" classname="myMavenProject.HomePage">
    <failure type="java.lang.IndexOutOfBoundsException" message="Index: 0, Size: 0">
      <![CDATA[java.lang.IndexOutOfBoundsException: Index: 0, Size: 0
at java.util.ArrayList.rangeCheck(Unknown Source)
at java.util.ArrayList.get(Unknown Source)
at myMavenProject.HomePage.test2(HomePage.java:32)
at java.util.ArrayList.forEach(Unknown Source)
... Removed 27 stack frames]]>
    </failure>
  </testcase> <!-- test2 -->
</testsuite> <!-- Test -->
