<?xml version="1.0" encoding="UTF-8"?>
<!-- Generated by org.testng.reporters.JUnitXMLReporter -->
<testsuite hostname="LAPTOP-U5R1FE71" failures="0" tests="1" name="Test2" time="0.034" errors="0" timestamp="1 Jul 2020 11:06:24 GMT">
  <testcase classname="myMavenProject.FrameworkTestCase" name="@BeforeClass initialize" time="0.0">
    <failure type="java.lang.NullPointerException">
      <![CDATA[java.lang.NullPointerException
	at myMavenProject.FrameworkTestCase.initialize(FrameworkTestCase.java:43)
	at java.base/java.util.concurrent.FutureTask.run(FutureTask.java:264)
	at java.base/java.util.concurrent.ThreadPoolExecutor.runWorker(ThreadPoolExecutor.java:1130)
	at java.base/java.util.concurrent.ThreadPoolExecutor$Worker.run(ThreadPoolExecutor.java:630)
	at java.base/java.lang.Thread.run(Thread.java:832)
... Removed 16 stack frames]]>
    </failure>
  </testcase> <!-- @BeforeClass initialize -->
  <testcase classname="myMavenProject.FrameworkTestCase" name="@AfterClass teardown" time="0.0">
    <skipped/>
  </testcase> <!-- @AfterClass teardown -->
  <testcase classname="myMavenProject.FrameworkTestCase" name="test" time="0.001">
    <skipped/>
  </testcase> <!-- test -->
</testsuite> <!-- Test2 -->
