<?xml version="1.0" encoding="UTF-8"?>
<testng-results skipped="0" failed="0" ignored="0" total="1" passed="1">
  <reporter-output>
  </reporter-output>
  <suite name="Default suite" duration-ms="15568" started-at="2020-07-01T15:40:52 AEST" finished-at="2020-07-01T15:41:08 AEST">
    <groups>
    </groups>
    <test name="Default test" duration-ms="15568" started-at="2020-07-01T15:40:52 AEST" finished-at="2020-07-01T15:41:08 AEST">
      <class name="myMavenProject.EducateWeb">
        <test-method status="PASS" signature="setup()[pri:0, instance:myMavenProject.EducateWeb@1e6d1014]" name="setup" is-config="true" duration-ms="10289" started-at="2020-07-01T15:40:52 AEST" finished-at="2020-07-01T15:41:02 AEST">
          <reporter-output>
          </reporter-output>
        </test-method> <!-- setup -->
        <test-method status="PASS" signature="testwebpage()[pri:0, instance:myMavenProject.EducateWeb@1e6d1014]" name="testwebpage" duration-ms="310" started-at="2020-07-01T15:41:03 AEST" finished-at="2020-07-01T15:41:03 AEST">
          <reporter-output>
          </reporter-output>
        </test-method> <!-- testwebpage -->
        <test-method status="PASS" signature="teardown()[pri:0, instance:myMavenProject.EducateWeb@1e6d1014]" name="teardown" is-config="true" duration-ms="4909" started-at="2020-07-01T15:41:03 AEST" finished-at="2020-07-01T15:41:08 AEST">
          <reporter-output>
          </reporter-output>
        </test-method> <!-- teardown -->
      </class> <!-- myMavenProject.EducateWeb -->
    </test> <!-- Default test -->
  </suite> <!-- Default suite -->
</testng-results>
